  main.cpp
c:\users\一生一个你\source\repos\新冠管理系统\新冠管理系统\load.h(67): warning C4018: “<”: 有符号/无符号不匹配
c:\users\一生一个你\source\repos\新冠管理系统\新冠管理系统\load.h(86): warning C4101: “C”: 未引用的局部变量
c:\users\一生一个你\source\repos\新冠管理系统\新冠管理系统\patient.h(247): warning C4018: “<”: 有符号/无符号不匹配
c:\users\一生一个你\source\repos\新冠管理系统\新冠管理系统\patient.h(270): warning C4018: “<”: 有符号/无符号不匹配
c:\users\一生一个你\source\repos\新冠管理系统\新冠管理系统\patient.h(293): warning C4018: “<”: 有符号/无符号不匹配
c:\users\一生一个你\source\repos\新冠管理系统\新冠管理系统\patient.h(322): warning C4018: “<”: 有符号/无符号不匹配
c:\users\一生一个你\source\repos\新冠管理系统\新冠管理系统\patient.h(351): warning C4018: “<”: 有符号/无符号不匹配
c:\users\一生一个你\source\repos\新冠管理系统\新冠管理系统\patient.h(380): warning C4018: “<”: 有符号/无符号不匹配
c:\users\一生一个你\source\repos\新冠管理系统\新冠管理系统\patient.h(403): warning C4018: “<”: 有符号/无符号不匹配
c:\users\一生一个你\source\repos\新冠管理系统\新冠管理系统\patient.h(425): warning C4129: “N”: 不可识别的字符转义序列
c:\users\一生一个你\source\repos\新冠管理系统\新冠管理系统\patient.h(427): warning C4018: “<”: 有符号/无符号不匹配
c:\users\一生一个你\source\repos\新冠管理系统\新冠管理系统\patient.h(454): warning C4018: “<”: 有符号/无符号不匹配
c:\users\一生一个你\source\repos\新冠管理系统\新冠管理系统\patient.h(477): warning C4018: “<”: 有符号/无符号不匹配
c:\users\一生一个你\source\repos\新冠管理系统\新冠管理系统\patient.h(500): warning C4018: “<”: 有符号/无符号不匹配
c:\users\一生一个你\source\repos\新冠管理系统\新冠管理系统\patient.h(528): warning C4018: “<”: 有符号/无符号不匹配
c:\users\一生一个你\source\repos\新冠管理系统\新冠管理系统\patient.h(556): warning C4018: “<”: 有符号/无符号不匹配
c:\users\一生一个你\source\repos\新冠管理系统\新冠管理系统\patient.h(584): warning C4018: “<”: 有符号/无符号不匹配
c:\users\一生一个你\source\repos\新冠管理系统\新冠管理系统\patient.h(607): warning C4018: “<”: 有符号/无符号不匹配
c:\users\一生一个你\source\repos\新冠管理系统\新冠管理系统\doctor.h(223): warning C4018: “<”: 有符号/无符号不匹配
c:\users\一生一个你\source\repos\新冠管理系统\新冠管理系统\doctor.h(273): warning C4018: “<”: 有符号/无符号不匹配
c:\users\一生一个你\source\repos\新冠管理系统\新冠管理系统\doctor.h(323): warning C4018: “<”: 有符号/无符号不匹配
c:\users\一生一个你\source\repos\新冠管理系统\新冠管理系统\doctor.h(373): warning C4018: “<”: 有符号/无符号不匹配
c:\users\一生一个你\source\repos\新冠管理系统\新冠管理系统\doctor.h(426): warning C4018: “<”: 有符号/无符号不匹配
c:\users\一生一个你\source\repos\新冠管理系统\新冠管理系统\main.cpp(16): warning C4018: “<”: 有符号/无符号不匹配
c:\users\一生一个你\source\repos\新冠管理系统\新冠管理系统\main.cpp(156): warning C4018: “<”: 有符号/无符号不匹配
c:\users\一生一个你\source\repos\新冠管理系统\新冠管理系统\main.cpp(172): warning C4129: “W”: 不可识别的字符转义序列
  新冠管理系统.vcxproj -> C:\Users\一生一个你\source\repos\新冠管理系统\Debug\新冠管理系统.exe
